-------------------------------------------------------------------------------
Test set: com.ehsanzhao.springboot.AssertTest
-------------------------------------------------------------------------------
Tests run: 1, Failures: 1, Errors: 0, Skipped: 0, Time elapsed: 0.009 s <<< FAILURE! - in com.ehsanzhao.springboot.AssertTest
testSimpleAssertions  Time elapsed: 0.008 s  <<< FAILURE!
org.opentest4j.AssertionFailedError: 快速失败
	at com.ehsanzhao.springboot.AssertTest.testSimpleAssertions(AssertTest.java:34)

