<?xml version="1.0" encoding="UTF-8"?>
<testsuite xmlns:xsi="http://www.w3.org/2001/XMLSchema-instance" xsi:noNamespaceSchemaLocation="https://maven.apache.org/surefire/maven-surefire-plugin/xsd/surefire-test-report.xsd" name="com.ehsanzhao.springboot.Junit5Test" time="1.023" tests="9" errors="0" skipped="1" failures="0">
  <properties>
[...]
</properties>
  <testcase name="testTimeout" classname="com.ehsanzhao.springboot.Junit5Test" time="1.002"/>
  <testcase name="testDisplayName2" classname="com.ehsanzhao.springboot.Junit5Test" time="0">
    <skipped message="public void com.ehsanzhao.springboot.Junit5Test.testDisplayName2() is @Disabled"/>
  </testcase>
  <testcase name="testRepeatedTest" classname="com.ehsanzhao.springboot.Junit5Test" time="0.001"/>
  <testcase name="testRepeatedTest[1]" classname="com.ehsanzhao.springboot.Junit5Test" time="0.001"/>
  <testcase name="testRepeatedTest[2]" classname="com.ehsanzhao.springboot.Junit5Test" time="0.002"/>
  <testcase name="testRepeatedTest[3]" classname="com.ehsanzhao.springboot.Junit5Test" time="0"/>
  <testcase name="testRepeatedTest[4]" classname="com.ehsanzhao.springboot.Junit5Test" time="0"/>
  <testcase name="testRepeatedTest[5]" classname="com.ehsanzhao.springboot.Junit5Test" time="0"/>
  <testcase name="testDisplayName" classname="com.ehsanzhao.springboot.Junit5Test" time="0"/>
</testsuite>